<!DOCTYPE html PUBLIC "-//W3C//DTD XHTML 1.1//EN" "http://www.w3.org/TR/xhtml11/DTD/xhtml11.dtd">
<html xmlns="http://www.w3.org/1999/xhtml">
<head>
<meta http-equiv="content-type" content="text/html; charset=UTF-8"/>
<title>TestNG Report</title>
<style type="text/css">table {margin-bottom:10px;border-collapse:collapse;empty-cells:show}th,td {border:1px solid #009;padding:.25em .5em}th {vertical-align:bottom}td {vertical-align:top}table a {font-weight:bold}.stripe td {background-color: #E6EBF9}.num {text-align:right}.passedodd td {background-color: #3F3}.passedeven td {background-color: #0A0}.skippedodd td {background-color: #DDD}.skippedeven td {background-color: #CCC}.failedodd td,.attn {background-color: #F33}.failedeven td,.stripe .attn {background-color: #D00}.stacktrace {white-space:pre;font-family:monospace}.totop {font-size:85%;text-align:center;border-bottom:2px solid #000}.invisible {display:none}</style>
</head>
<body>
<table>
<tr><th>Test</th><th># Passed</th><th># Skipped</th><th># Failed</th><th>Time (ms)</th><th>Included Groups</th><th>Excluded Groups</th></tr>
<tr><th colspan="7">TestSuite</th></tr>
<tr><td><a href="#t0">Testing</a></td><td class="num">25</td><td class="num">0</td><td class="num attn">2</td><td class="num">107,789</td><td></td><td></td></tr>
</table>
<table id='summary'><thead><tr><th>Class</th><th>Method</th><th>Start</th><th>Time (ms)</th></tr></thead><tbody><tr><th colspan="4">TestSuite</th></tr></tbody><tbody id="t0"><tr><th colspan="4">Testing &#8212; failed</th></tr><tr class="failedeven"><td rowspan="2">Tests.InvoicesTests</td><td><a href="#m0">testSelectClient</a></td><td rowspan="1">1533673240287</td><td rowspan="1">12416</td></tr><tr class="failedeven"><td><a href="#m1">testStatusButton</a></td><td rowspan="1">1533673265237</td><td rowspan="1">2944</td></tr><tr><th colspan="4">Testing &#8212; passed</th></tr><tr class="passedeven"><td rowspan="3">Tests.AddNewInvoiceTest</td><td><a href="#m2">testAddNewEmptySave</a></td><td rowspan="1">1533673274826</td><td rowspan="1">2411</td></tr><tr class="passedeven"><td><a href="#m3">testAddNewInvoiceAll</a></td><td rowspan="1">1533673277242</td><td rowspan="1">10398</td></tr><tr class="passedeven"><td><a href="#m4">testCancel</a></td><td rowspan="1">1533673287644</td><td rowspan="1">2212</td></tr><tr class="passedodd"><td rowspan="6">Tests.InvoicesTests</td><td><a href="#m5">testDateFrom</a></td><td rowspan="1">1533673252709</td><td rowspan="1">4832</td></tr><tr class="passedodd"><td><a href="#m6">testDateTo</a></td><td rowspan="1">1533673257544</td><td rowspan="1">4184</td></tr><tr class="passedodd"><td><a href="#m7">testDelete</a></td><td rowspan="1">1533673269531</td><td rowspan="1">2644</td></tr><tr class="passedodd"><td><a href="#m8">testFilterPeriod</a></td><td rowspan="1">1533673261732</td><td rowspan="1">2562</td></tr><tr class="passedodd"><td><a href="#m9">testPreview</a></td><td rowspan="1">1533673268187</td><td rowspan="1">1340</td></tr><tr class="passedodd"><td><a href="#m10">testResetPeriod</a></td><td rowspan="1">1533673264298</td><td rowspan="1">936</td></tr><tr class="passedeven"><td rowspan="16">Tests.LogInTest</td><td><a href="#m11">testCorrectEmailEmptyPassword</a></td><td rowspan="1">1533673207596</td><td rowspan="1">2420</td></tr><tr class="passedeven"><td><a href="#m12">testCorrectEmailIncorrectPassword</a></td><td rowspan="1">1533673195124</td><td rowspan="1">2413</td></tr><tr class="passedeven"><td><a href="#m13">testEmpty</a></td><td rowspan="1">1533673187951</td><td rowspan="1">1495</td></tr><tr class="passedeven"><td><a href="#m14">testEmptyEmailCorrectPassword</a></td><td rowspan="1">1533673204784</td><td rowspan="1">1810</td></tr><tr class="passedeven"><td><a href="#m15">testEmptyEmailIncorrectPassword</a></td><td rowspan="1">1533673202001</td><td rowspan="1">1869</td></tr><tr class="passedeven"><td><a href="#m16">testEnterCorrectEmailAndCorrectPassword</a></td><td rowspan="1">1533673236599</td><td rowspan="1">2956</td></tr><tr class="passedeven"><td><a href="#m17">testEnterCorrectEmailAndPasswordWith21Char</a></td><td rowspan="1">1533673232064</td><td rowspan="1">3423</td></tr><tr class="passedeven"><td><a href="#m18">testEnterCorrectEmailAndPasswordWith5Char</a></td><td rowspan="1">1533673220595</td><td rowspan="1">2337</td></tr><tr class="passedeven"><td><a href="#m19">testEnterEmailWith2ETandCorrectPassword</a></td><td rowspan="1">1533673217403</td><td rowspan="1">2260</td></tr><tr class="passedeven"><td><a href="#m20">testEnterEmailWith2ETandIncorrectPassword</a></td><td rowspan="1">1533673214177</td><td rowspan="1">2254</td></tr><tr class="passedeven"><td><a href="#m21">testEnterInvalidEmailAndPasswordWith21Char</a></td><td rowspan="1">1533673227809</td><td rowspan="1">3252</td></tr><tr class="passedeven"><td><a href="#m22">testEnterInvalidEmailAndPasswordWith5Char</a></td><td rowspan="1">1533673224190</td><td rowspan="1">2516</td></tr><tr class="passedeven"><td><a href="#m23">testIncorrectEmailEmptyPassword</a></td><td rowspan="1">1533673198615</td><td rowspan="1">2405</td></tr><tr class="passedeven"><td><a href="#m24">testIncorrectEmailIncorrectPassword</a></td><td rowspan="1">1533673190379</td><td rowspan="1">3634</td></tr><tr class="passedeven"><td><a href="#m25">testInvalidEmailCorrectPassword</a></td><td rowspan="1">1533673210932</td><td rowspan="1">2224</td></tr><tr class="passedeven"><td><a href="#m26">testVerifyLoginPage</a></td><td rowspan="1">1533673186632</td><td rowspan="1">353</td></tr></tbody>
</table>
<h2>Testing</h2><h3 id="m0">Tests.InvoicesTests#testSelectClient</h3><table class="result"><tr><th>Exception</th></tr><tr><td><div class="stacktrace">org.openqa.selenium.NoSuchElementException: no such element: Unable to locate element: {&quot;method&quot;:&quot;xpath&quot;,&quot;selector&quot;:&quot;//*[@id=&quot;app&quot;]/div[22]/main/div/div/div[1]/div/div[2]/div/div/div[1]/div/div/div[1]/div/div/div/label&quot;}
  (Session info: chrome=67.0.3396.99)
  (Driver info: chromedriver=2.40.565498 (ea082db3280dd6843ebfb08a625e3eb905c4f5ab),platform=Windows NT 10.0.17134 x86) (WARNING: The server did not provide any stacktrace information)
Command duration or timeout: 0 milliseconds
For documentation on this error, please visit: http://seleniumhq.org/exceptions/no_such_element.html
Build info: version: &apos;3.13.0&apos;, revision: &apos;2f0d292&apos;, time: &apos;2018-06-25T15:32:14.902Z&apos;
System info: host: &apos;BOJANA&apos;, ip: &apos;192.168.1.104&apos;, os.name: &apos;Windows 10&apos;, os.arch: &apos;x86&apos;, os.version: &apos;10.0&apos;, java.version: &apos;1.8.0_172&apos;
Driver info: org.openqa.selenium.chrome.ChromeDriver
Capabilities {acceptInsecureCerts: false, acceptSslCerts: false, applicationCacheEnabled: false, browserConnectionEnabled: false, browserName: chrome, chrome: {chromedriverVersion: 2.40.565498 (ea082db3280dd6..., userDataDir: C:\Users\Bojana\AppData\Loc...}, cssSelectorsEnabled: true, databaseEnabled: false, handlesAlerts: true, hasTouchScreen: false, javascriptEnabled: true, locationContextEnabled: true, mobileEmulationEnabled: false, nativeEvents: true, networkConnectionEnabled: false, pageLoadStrategy: normal, platform: XP, platformName: XP, rotatable: false, setWindowRect: true, takesHeapSnapshot: true, takesScreenshot: true, unexpectedAlertBehaviour: , unhandledPromptBehavior: , version: 67.0.3396.99, webStorageEnabled: true}
Session ID: 1e8bfe8796e85ad941337f843a3a38d6
*** Element info: {Using=xpath, value=//*[@id=&quot;app&quot;]/div[22]/main/div/div/div[1]/div/div[2]/div/div/div[1]/div/div/div[1]/div/div/div/label}
	at org.openqa.selenium.remote.ErrorHandler.createThrowable(ErrorHandler.java:214)
	at org.openqa.selenium.remote.ErrorHandler.throwIfResponseFailed(ErrorHandler.java:166)
	at org.openqa.selenium.remote.http.JsonHttpResponseCodec.reconstructValue(JsonHttpResponseCodec.java:40)
	at org.openqa.selenium.remote.http.AbstractHttpResponseCodec.decode(AbstractHttpResponseCodec.java:80)
	at org.openqa.selenium.remote.http.AbstractHttpResponseCodec.decode(AbstractHttpResponseCodec.java:44)
	at org.openqa.selenium.remote.HttpCommandExecutor.execute(HttpCommandExecutor.java:158)
	at org.openqa.selenium.remote.service.DriverCommandExecutor.execute(DriverCommandExecutor.java:83)
	at org.openqa.selenium.remote.RemoteWebDriver.execute(RemoteWebDriver.java:548)
	at org.openqa.selenium.remote.RemoteWebDriver.findElement(RemoteWebDriver.java:322)
	at org.openqa.selenium.remote.RemoteWebDriver.findElementByXPath(RemoteWebDriver.java:424)
	at org.openqa.selenium.By$ByXPath.findElement(By.java:353)
	at org.openqa.selenium.remote.RemoteWebDriver.findElement(RemoteWebDriver.java:314)
	at org.openqa.selenium.support.pagefactory.DefaultElementLocator.findElement(DefaultElementLocator.java:69)
	at org.openqa.selenium.support.pagefactory.internal.LocatingElementHandler.invoke(LocatingElementHandler.java:38)
	at com.sun.proxy.$Proxy11.click(Unknown Source)
	at Pages.Invoices.selectClient(Invoices.java:86)
	at Tests.InvoicesTests.testSelectClient(InvoicesTests.java:35)
... Removed 29 stack frames</div></td></tr></table><p class="totop"><a href="#summary">back to summary</a></p>
<h3 id="m1">Tests.InvoicesTests#testStatusButton</h3><table class="result"><tr><th>Exception</th></tr><tr><td><div class="stacktrace">org.openqa.selenium.ElementNotVisibleException: element not visible
  (Session info: chrome=67.0.3396.99)
  (Driver info: chromedriver=2.40.565498 (ea082db3280dd6843ebfb08a625e3eb905c4f5ab),platform=Windows NT 10.0.17134 x86) (WARNING: The server did not provide any stacktrace information)
Command duration or timeout: 0 milliseconds
Build info: version: &apos;3.13.0&apos;, revision: &apos;2f0d292&apos;, time: &apos;2018-06-25T15:32:14.902Z&apos;
System info: host: &apos;BOJANA&apos;, ip: &apos;192.168.1.104&apos;, os.name: &apos;Windows 10&apos;, os.arch: &apos;x86&apos;, os.version: &apos;10.0&apos;, java.version: &apos;1.8.0_172&apos;
Driver info: org.openqa.selenium.chrome.ChromeDriver
Capabilities {acceptInsecureCerts: false, acceptSslCerts: false, applicationCacheEnabled: false, browserConnectionEnabled: false, browserName: chrome, chrome: {chromedriverVersion: 2.40.565498 (ea082db3280dd6..., userDataDir: C:\Users\Bojana\AppData\Loc...}, cssSelectorsEnabled: true, databaseEnabled: false, handlesAlerts: true, hasTouchScreen: false, javascriptEnabled: true, locationContextEnabled: true, mobileEmulationEnabled: false, nativeEvents: true, networkConnectionEnabled: false, pageLoadStrategy: normal, platform: XP, platformName: XP, rotatable: false, setWindowRect: true, takesHeapSnapshot: true, takesScreenshot: true, unexpectedAlertBehaviour: , unhandledPromptBehavior: , version: 67.0.3396.99, webStorageEnabled: true}
Session ID: 1e8bfe8796e85ad941337f843a3a38d6
	at org.openqa.selenium.remote.ErrorHandler.createThrowable(ErrorHandler.java:214)
	at org.openqa.selenium.remote.ErrorHandler.throwIfResponseFailed(ErrorHandler.java:166)
	at org.openqa.selenium.remote.http.JsonHttpResponseCodec.reconstructValue(JsonHttpResponseCodec.java:40)
	at org.openqa.selenium.remote.http.AbstractHttpResponseCodec.decode(AbstractHttpResponseCodec.java:80)
	at org.openqa.selenium.remote.http.AbstractHttpResponseCodec.decode(AbstractHttpResponseCodec.java:44)
	at org.openqa.selenium.remote.HttpCommandExecutor.execute(HttpCommandExecutor.java:158)
	at org.openqa.selenium.remote.service.DriverCommandExecutor.execute(DriverCommandExecutor.java:83)
	at org.openqa.selenium.remote.RemoteWebDriver.execute(RemoteWebDriver.java:548)
	at org.openqa.selenium.remote.RemoteWebElement.execute(RemoteWebElement.java:276)
	at org.openqa.selenium.remote.RemoteWebElement.click(RemoteWebElement.java:83)
	at org.openqa.selenium.support.pagefactory.internal.LocatingElementHandler.invoke(LocatingElementHandler.java:51)
	at com.sun.proxy.$Proxy11.click(Unknown Source)
	at Pages.Invoices.statusButton(Invoices.java:164)
	at Tests.InvoicesTests.testStatusButton(InvoicesTests.java:70)
... Removed 32 stack frames</div></td></tr></table><p class="totop"><a href="#summary">back to summary</a></p>
<h3 id="m2">Tests.AddNewInvoiceTest#testAddNewEmptySave</h3><table class="result"><tr><th class="invisible"/></tr></table><p class="totop"><a href="#summary">back to summary</a></p>
<h3 id="m3">Tests.AddNewInvoiceTest#testAddNewInvoiceAll</h3><table class="result"><tr><th class="invisible"/></tr></table><p class="totop"><a href="#summary">back to summary</a></p>
<h3 id="m4">Tests.AddNewInvoiceTest#testCancel</h3><table class="result"><tr><th class="invisible"/></tr></table><p class="totop"><a href="#summary">back to summary</a></p>
<h3 id="m5">Tests.InvoicesTests#testDateFrom</h3><table class="result"><tr><th class="invisible"/></tr></table><p class="totop"><a href="#summary">back to summary</a></p>
<h3 id="m6">Tests.InvoicesTests#testDateTo</h3><table class="result"><tr><th class="invisible"/></tr></table><p class="totop"><a href="#summary">back to summary</a></p>
<h3 id="m7">Tests.InvoicesTests#testDelete</h3><table class="result"><tr><th class="invisible"/></tr></table><p class="totop"><a href="#summary">back to summary</a></p>
<h3 id="m8">Tests.InvoicesTests#testFilterPeriod</h3><table class="result"><tr><th class="invisible"/></tr></table><p class="totop"><a href="#summary">back to summary</a></p>
<h3 id="m9">Tests.InvoicesTests#testPreview</h3><table class="result"><tr><th class="invisible"/></tr></table><p class="totop"><a href="#summary">back to summary</a></p>
<h3 id="m10">Tests.InvoicesTests#testResetPeriod</h3><table class="result"><tr><th class="invisible"/></tr></table><p class="totop"><a href="#summary">back to summary</a></p>
<h3 id="m11">Tests.LogInTest#testCorrectEmailEmptyPassword</h3><table class="result"><tr><th class="invisible"/></tr></table><p class="totop"><a href="#summary">back to summary</a></p>
<h3 id="m12">Tests.LogInTest#testCorrectEmailIncorrectPassword</h3><table class="result"><tr><th class="invisible"/></tr></table><p class="totop"><a href="#summary">back to summary</a></p>
<h3 id="m13">Tests.LogInTest#testEmpty</h3><table class="result"><tr><th class="invisible"/></tr></table><p class="totop"><a href="#summary">back to summary</a></p>
<h3 id="m14">Tests.LogInTest#testEmptyEmailCorrectPassword</h3><table class="result"><tr><th class="invisible"/></tr></table><p class="totop"><a href="#summary">back to summary</a></p>
<h3 id="m15">Tests.LogInTest#testEmptyEmailIncorrectPassword</h3><table class="result"><tr><th class="invisible"/></tr></table><p class="totop"><a href="#summary">back to summary</a></p>
<h3 id="m16">Tests.LogInTest#testEnterCorrectEmailAndCorrectPassword</h3><table class="result"><tr><th class="invisible"/></tr></table><p class="totop"><a href="#summary">back to summary</a></p>
<h3 id="m17">Tests.LogInTest#testEnterCorrectEmailAndPasswordWith21Char</h3><table class="result"><tr><th class="invisible"/></tr></table><p class="totop"><a href="#summary">back to summary</a></p>
<h3 id="m18">Tests.LogInTest#testEnterCorrectEmailAndPasswordWith5Char</h3><table class="result"><tr><th class="invisible"/></tr></table><p class="totop"><a href="#summary">back to summary</a></p>
<h3 id="m19">Tests.LogInTest#testEnterEmailWith2ETandCorrectPassword</h3><table class="result"><tr><th class="invisible"/></tr></table><p class="totop"><a href="#summary">back to summary</a></p>
<h3 id="m20">Tests.LogInTest#testEnterEmailWith2ETandIncorrectPassword</h3><table class="result"><tr><th class="invisible"/></tr></table><p class="totop"><a href="#summary">back to summary</a></p>
<h3 id="m21">Tests.LogInTest#testEnterInvalidEmailAndPasswordWith21Char</h3><table class="result"><tr><th class="invisible"/></tr></table><p class="totop"><a href="#summary">back to summary</a></p>
<h3 id="m22">Tests.LogInTest#testEnterInvalidEmailAndPasswordWith5Char</h3><table class="result"><tr><th class="invisible"/></tr></table><p class="totop"><a href="#summary">back to summary</a></p>
<h3 id="m23">Tests.LogInTest#testIncorrectEmailEmptyPassword</h3><table class="result"><tr><th class="invisible"/></tr></table><p class="totop"><a href="#summary">back to summary</a></p>
<h3 id="m24">Tests.LogInTest#testIncorrectEmailIncorrectPassword</h3><table class="result"><tr><th class="invisible"/></tr></table><p class="totop"><a href="#summary">back to summary</a></p>
<h3 id="m25">Tests.LogInTest#testInvalidEmailCorrectPassword</h3><table class="result"><tr><th class="invisible"/></tr></table><p class="totop"><a href="#summary">back to summary</a></p>
<h3 id="m26">Tests.LogInTest#testVerifyLoginPage</h3><table class="result"><tr><th class="invisible"/></tr></table><p class="totop"><a href="#summary">back to summary</a></p>
</body>
</html>
