<?xml version="1.0" encoding="UTF-8"?>
<testng-results skipped="0" failed="2" ignored="4" total="31" passed="25">
  <reporter-output>
  </reporter-output>
  <suite name="TestSuite" duration-ms="107789" started-at="2018-08-07T20:19:42Z" finished-at="2018-08-07T20:21:29Z">
    <groups>
    </groups>
    <test name="Testing" duration-ms="107789" started-at="2018-08-07T20:19:42Z" finished-at="2018-08-07T20:21:29Z">
      <class name="Tests.AddNewInvoiceTest">
        <test-method status="PASS" signature="setBeforeTests()[pri:0, instance:Tests.AddNewInvoiceTest@be83e4]" name="setBeforeTests" is-config="true" duration-ms="2647" started-at="2018-08-07T20:21:12Z" finished-at="2018-08-07T20:21:14Z">
          <reporter-output>
          </reporter-output>
        </test-method> <!-- setBeforeTests -->
        <test-method status="PASS" signature="testAddNewEmptySave()[pri:24, instance:Tests.AddNewInvoiceTest@be83e4]" name="testAddNewEmptySave" duration-ms="2411" started-at="2018-08-07T20:21:14Z" finished-at="2018-08-07T20:21:17Z">
          <reporter-output>
          </reporter-output>
        </test-method> <!-- testAddNewEmptySave -->
        <test-method status="PASS" signature="testAddNewInvoiceAll()[pri:25, instance:Tests.AddNewInvoiceTest@be83e4]" name="testAddNewInvoiceAll" duration-ms="10398" started-at="2018-08-07T20:21:17Z" finished-at="2018-08-07T20:21:27Z">
          <reporter-output>
          </reporter-output>
        </test-method> <!-- testAddNewInvoiceAll -->
        <test-method status="PASS" signature="testCancel()[pri:26, instance:Tests.AddNewInvoiceTest@be83e4]" name="testCancel" duration-ms="2212" started-at="2018-08-07T20:21:27Z" finished-at="2018-08-07T20:21:29Z">
          <reporter-output>
          </reporter-output>
        </test-method> <!-- testCancel -->
      </class> <!-- Tests.AddNewInvoiceTest -->
      <class name="Tests.InvoicesTests">
        <test-method status="PASS" signature="setBeforeTests()[pri:0, instance:Tests.InvoicesTests@bd1b6a]" name="setBeforeTests" is-config="true" duration-ms="729" started-at="2018-08-07T20:20:39Z" finished-at="2018-08-07T20:20:40Z">
          <reporter-output>
          </reporter-output>
        </test-method> <!-- setBeforeTests -->
        <test-method status="FAIL" signature="testSelectClient()[pri:16, instance:Tests.InvoicesTests@bd1b6a]" name="testSelectClient" duration-ms="12416" started-at="2018-08-07T20:20:40Z" finished-at="2018-08-07T20:20:52Z">
          <exception class="org.openqa.selenium.NoSuchElementException">
            <message>
              <![CDATA[no such element: Unable to locate element: {"method":"xpath","selector":"//*[@id="app"]/div[22]/main/div/div/div[1]/div/div[2]/div/div/div[1]/div/div/div[1]/div/div/div/label"}
  (Session info: chrome=67.0.3396.99)
  (Driver info: chromedriver=2.40.565498 (ea082db3280dd6843ebfb08a625e3eb905c4f5ab),platform=Windows NT 10.0.17134 x86) (WARNING: The server did not provide any stacktrace information)
Command duration or timeout: 0 milliseconds
For documentation on this error, please visit: http://seleniumhq.org/exceptions/no_such_element.html
Build info: version: '3.13.0', revision: '2f0d292', time: '2018-06-25T15:32:14.902Z'
System info: host: 'BOJANA', ip: '192.168.1.104', os.name: 'Windows 10', os.arch: 'x86', os.version: '10.0', java.version: '1.8.0_172'
Driver info: org.openqa.selenium.chrome.ChromeDriver
Capabilities {acceptInsecureCerts: false, acceptSslCerts: false, applicationCacheEnabled: false, browserConnectionEnabled: false, browserName: chrome, chrome: {chromedriverVersion: 2.40.565498 (ea082db3280dd6..., userDataDir: C:\Users\Bojana\AppData\Loc...}, cssSelectorsEnabled: true, databaseEnabled: false, handlesAlerts: true, hasTouchScreen: false, javascriptEnabled: true, locationContextEnabled: true, mobileEmulationEnabled: false, nativeEvents: true, networkConnectionEnabled: false, pageLoadStrategy: normal, platform: XP, platformName: XP, rotatable: false, setWindowRect: true, takesHeapSnapshot: true, takesScreenshot: true, unexpectedAlertBehaviour: , unhandledPromptBehavior: , version: 67.0.3396.99, webStorageEnabled: true}
Session ID: 1e8bfe8796e85ad941337f843a3a38d6
*** Element info: {Using=xpath, value=//*[@id="app"]/div[22]/main/div/div/div[1]/div/div[2]/div/div/div[1]/div/div/div[1]/div/div/div/label}]]>
            </message>
            <full-stacktrace>
              <![CDATA[org.openqa.selenium.NoSuchElementException: no such element: Unable to locate element: {"method":"xpath","selector":"//*[@id="app"]/div[22]/main/div/div/div[1]/div/div[2]/div/div/div[1]/div/div/div[1]/div/div/div/label"}
  (Session info: chrome=67.0.3396.99)
  (Driver info: chromedriver=2.40.565498 (ea082db3280dd6843ebfb08a625e3eb905c4f5ab),platform=Windows NT 10.0.17134 x86) (WARNING: The server did not provide any stacktrace information)
Command duration or timeout: 0 milliseconds
For documentation on this error, please visit: http://seleniumhq.org/exceptions/no_such_element.html
Build info: version: '3.13.0', revision: '2f0d292', time: '2018-06-25T15:32:14.902Z'
System info: host: 'BOJANA', ip: '192.168.1.104', os.name: 'Windows 10', os.arch: 'x86', os.version: '10.0', java.version: '1.8.0_172'
Driver info: org.openqa.selenium.chrome.ChromeDriver
Capabilities {acceptInsecureCerts: false, acceptSslCerts: false, applicationCacheEnabled: false, browserConnectionEnabled: false, browserName: chrome, chrome: {chromedriverVersion: 2.40.565498 (ea082db3280dd6..., userDataDir: C:\Users\Bojana\AppData\Loc...}, cssSelectorsEnabled: true, databaseEnabled: false, handlesAlerts: true, hasTouchScreen: false, javascriptEnabled: true, locationContextEnabled: true, mobileEmulationEnabled: false, nativeEvents: true, networkConnectionEnabled: false, pageLoadStrategy: normal, platform: XP, platformName: XP, rotatable: false, setWindowRect: true, takesHeapSnapshot: true, takesScreenshot: true, unexpectedAlertBehaviour: , unhandledPromptBehavior: , version: 67.0.3396.99, webStorageEnabled: true}
Session ID: 1e8bfe8796e85ad941337f843a3a38d6
*** Element info: {Using=xpath, value=//*[@id="app"]/div[22]/main/div/div/div[1]/div/div[2]/div/div/div[1]/div/div/div[1]/div/div/div/label}
at sun.reflect.NativeConstructorAccessorImpl.newInstance0(Native Method)
at sun.reflect.NativeConstructorAccessorImpl.newInstance(Unknown Source)
at sun.reflect.DelegatingConstructorAccessorImpl.newInstance(Unknown Source)
at java.lang.reflect.Constructor.newInstance(Unknown Source)
at org.openqa.selenium.remote.ErrorHandler.createThrowable(ErrorHandler.java:214)
at org.openqa.selenium.remote.ErrorHandler.throwIfResponseFailed(ErrorHandler.java:166)
at org.openqa.selenium.remote.http.JsonHttpResponseCodec.reconstructValue(JsonHttpResponseCodec.java:40)
at org.openqa.selenium.remote.http.AbstractHttpResponseCodec.decode(AbstractHttpResponseCodec.java:80)
at org.openqa.selenium.remote.http.AbstractHttpResponseCodec.decode(AbstractHttpResponseCodec.java:44)
at org.openqa.selenium.remote.HttpCommandExecutor.execute(HttpCommandExecutor.java:158)
at org.openqa.selenium.remote.service.DriverCommandExecutor.execute(DriverCommandExecutor.java:83)
at org.openqa.selenium.remote.RemoteWebDriver.execute(RemoteWebDriver.java:548)
at org.openqa.selenium.remote.RemoteWebDriver.findElement(RemoteWebDriver.java:322)
at org.openqa.selenium.remote.RemoteWebDriver.findElementByXPath(RemoteWebDriver.java:424)
at org.openqa.selenium.By$ByXPath.findElement(By.java:353)
at org.openqa.selenium.remote.RemoteWebDriver.findElement(RemoteWebDriver.java:314)
at org.openqa.selenium.support.pagefactory.DefaultElementLocator.findElement(DefaultElementLocator.java:69)
at org.openqa.selenium.support.pagefactory.internal.LocatingElementHandler.invoke(LocatingElementHandler.java:38)
at com.sun.proxy.$Proxy11.click(Unknown Source)
at Pages.Invoices.selectClient(Invoices.java:86)
at Tests.InvoicesTests.testSelectClient(InvoicesTests.java:35)
at sun.reflect.NativeMethodAccessorImpl.invoke0(Native Method)
at sun.reflect.NativeMethodAccessorImpl.invoke(Unknown Source)
at sun.reflect.DelegatingMethodAccessorImpl.invoke(Unknown Source)
at java.lang.reflect.Method.invoke(Unknown Source)
at org.testng.internal.MethodInvocationHelper.invokeMethod(MethodInvocationHelper.java:124)
at org.testng.internal.Invoker.invokeMethod(Invoker.java:580)
at org.testng.internal.Invoker.invokeTestMethod(Invoker.java:716)
at org.testng.internal.Invoker.invokeTestMethods(Invoker.java:988)
at org.testng.internal.TestMethodWorker.invokeTestMethods(TestMethodWorker.java:125)
at org.testng.internal.TestMethodWorker.run(TestMethodWorker.java:109)
at org.testng.TestRunner.privateRun(TestRunner.java:648)
at org.testng.TestRunner.run(TestRunner.java:505)
at org.testng.SuiteRunner.runTest(SuiteRunner.java:455)
at org.testng.SuiteRunner.runSequentially(SuiteRunner.java:450)
at org.testng.SuiteRunner.privateRun(SuiteRunner.java:415)
at org.testng.SuiteRunner.run(SuiteRunner.java:364)
at org.testng.SuiteRunnerWorker.runSuite(SuiteRunnerWorker.java:52)
at org.testng.SuiteRunnerWorker.run(SuiteRunnerWorker.java:84)
at org.testng.TestNG.runSuitesSequentially(TestNG.java:1208)
at org.testng.TestNG.runSuitesLocally(TestNG.java:1137)
at org.testng.TestNG.runSuites(TestNG.java:1049)
at org.testng.TestNG.run(TestNG.java:1017)
at org.testng.remote.AbstractRemoteTestNG.run(AbstractRemoteTestNG.java:114)
at org.testng.remote.RemoteTestNG.initAndRun(RemoteTestNG.java:251)
at org.testng.remote.RemoteTestNG.main(RemoteTestNG.java:77)
]]>
            </full-stacktrace>
          </exception> <!-- org.openqa.selenium.NoSuchElementException -->
          <reporter-output>
          </reporter-output>
        </test-method> <!-- testSelectClient -->
        <test-method status="PASS" signature="testDateFrom()[pri:17, instance:Tests.InvoicesTests@bd1b6a]" name="testDateFrom" duration-ms="4832" started-at="2018-08-07T20:20:52Z" finished-at="2018-08-07T20:20:57Z">
          <reporter-output>
          </reporter-output>
        </test-method> <!-- testDateFrom -->
        <test-method status="PASS" signature="testDateTo()[pri:18, instance:Tests.InvoicesTests@bd1b6a]" name="testDateTo" duration-ms="4184" started-at="2018-08-07T20:20:57Z" finished-at="2018-08-07T20:21:01Z">
          <reporter-output>
          </reporter-output>
        </test-method> <!-- testDateTo -->
        <test-method status="PASS" signature="testFilterPeriod()[pri:19, instance:Tests.InvoicesTests@bd1b6a]" name="testFilterPeriod" duration-ms="2562" started-at="2018-08-07T20:21:01Z" finished-at="2018-08-07T20:21:04Z">
          <reporter-output>
          </reporter-output>
        </test-method> <!-- testFilterPeriod -->
        <test-method status="PASS" signature="testResetPeriod()[pri:20, instance:Tests.InvoicesTests@bd1b6a]" name="testResetPeriod" duration-ms="936" started-at="2018-08-07T20:21:04Z" finished-at="2018-08-07T20:21:05Z">
          <reporter-output>
          </reporter-output>
        </test-method> <!-- testResetPeriod -->
        <test-method status="FAIL" signature="testStatusButton()[pri:21, instance:Tests.InvoicesTests@bd1b6a]" name="testStatusButton" duration-ms="2944" started-at="2018-08-07T20:21:05Z" finished-at="2018-08-07T20:21:08Z">
          <exception class="org.openqa.selenium.ElementNotVisibleException">
            <message>
              <![CDATA[element not visible
  (Session info: chrome=67.0.3396.99)
  (Driver info: chromedriver=2.40.565498 (ea082db3280dd6843ebfb08a625e3eb905c4f5ab),platform=Windows NT 10.0.17134 x86) (WARNING: The server did not provide any stacktrace information)
Command duration or timeout: 0 milliseconds
Build info: version: '3.13.0', revision: '2f0d292', time: '2018-06-25T15:32:14.902Z'
System info: host: 'BOJANA', ip: '192.168.1.104', os.name: 'Windows 10', os.arch: 'x86', os.version: '10.0', java.version: '1.8.0_172'
Driver info: org.openqa.selenium.chrome.ChromeDriver
Capabilities {acceptInsecureCerts: false, acceptSslCerts: false, applicationCacheEnabled: false, browserConnectionEnabled: false, browserName: chrome, chrome: {chromedriverVersion: 2.40.565498 (ea082db3280dd6..., userDataDir: C:\Users\Bojana\AppData\Loc...}, cssSelectorsEnabled: true, databaseEnabled: false, handlesAlerts: true, hasTouchScreen: false, javascriptEnabled: true, locationContextEnabled: true, mobileEmulationEnabled: false, nativeEvents: true, networkConnectionEnabled: false, pageLoadStrategy: normal, platform: XP, platformName: XP, rotatable: false, setWindowRect: true, takesHeapSnapshot: true, takesScreenshot: true, unexpectedAlertBehaviour: , unhandledPromptBehavior: , version: 67.0.3396.99, webStorageEnabled: true}
Session ID: 1e8bfe8796e85ad941337f843a3a38d6]]>
            </message>
            <full-stacktrace>
              <![CDATA[org.openqa.selenium.ElementNotVisibleException: element not visible
  (Session info: chrome=67.0.3396.99)
  (Driver info: chromedriver=2.40.565498 (ea082db3280dd6843ebfb08a625e3eb905c4f5ab),platform=Windows NT 10.0.17134 x86) (WARNING: The server did not provide any stacktrace information)
Command duration or timeout: 0 milliseconds
Build info: version: '3.13.0', revision: '2f0d292', time: '2018-06-25T15:32:14.902Z'
System info: host: 'BOJANA', ip: '192.168.1.104', os.name: 'Windows 10', os.arch: 'x86', os.version: '10.0', java.version: '1.8.0_172'
Driver info: org.openqa.selenium.chrome.ChromeDriver
Capabilities {acceptInsecureCerts: false, acceptSslCerts: false, applicationCacheEnabled: false, browserConnectionEnabled: false, browserName: chrome, chrome: {chromedriverVersion: 2.40.565498 (ea082db3280dd6..., userDataDir: C:\Users\Bojana\AppData\Loc...}, cssSelectorsEnabled: true, databaseEnabled: false, handlesAlerts: true, hasTouchScreen: false, javascriptEnabled: true, locationContextEnabled: true, mobileEmulationEnabled: false, nativeEvents: true, networkConnectionEnabled: false, pageLoadStrategy: normal, platform: XP, platformName: XP, rotatable: false, setWindowRect: true, takesHeapSnapshot: true, takesScreenshot: true, unexpectedAlertBehaviour: , unhandledPromptBehavior: , version: 67.0.3396.99, webStorageEnabled: true}
Session ID: 1e8bfe8796e85ad941337f843a3a38d6
at sun.reflect.NativeConstructorAccessorImpl.newInstance0(Native Method)
at sun.reflect.NativeConstructorAccessorImpl.newInstance(Unknown Source)
at sun.reflect.DelegatingConstructorAccessorImpl.newInstance(Unknown Source)
at java.lang.reflect.Constructor.newInstance(Unknown Source)
at org.openqa.selenium.remote.ErrorHandler.createThrowable(ErrorHandler.java:214)
at org.openqa.selenium.remote.ErrorHandler.throwIfResponseFailed(ErrorHandler.java:166)
at org.openqa.selenium.remote.http.JsonHttpResponseCodec.reconstructValue(JsonHttpResponseCodec.java:40)
at org.openqa.selenium.remote.http.AbstractHttpResponseCodec.decode(AbstractHttpResponseCodec.java:80)
at org.openqa.selenium.remote.http.AbstractHttpResponseCodec.decode(AbstractHttpResponseCodec.java:44)
at org.openqa.selenium.remote.HttpCommandExecutor.execute(HttpCommandExecutor.java:158)
at org.openqa.selenium.remote.service.DriverCommandExecutor.execute(DriverCommandExecutor.java:83)
at org.openqa.selenium.remote.RemoteWebDriver.execute(RemoteWebDriver.java:548)
at org.openqa.selenium.remote.RemoteWebElement.execute(RemoteWebElement.java:276)
at org.openqa.selenium.remote.RemoteWebElement.click(RemoteWebElement.java:83)
at sun.reflect.GeneratedMethodAccessor5.invoke(Unknown Source)
at sun.reflect.DelegatingMethodAccessorImpl.invoke(Unknown Source)
at java.lang.reflect.Method.invoke(Unknown Source)
at org.openqa.selenium.support.pagefactory.internal.LocatingElementHandler.invoke(LocatingElementHandler.java:51)
at com.sun.proxy.$Proxy11.click(Unknown Source)
at Pages.Invoices.statusButton(Invoices.java:164)
at Tests.InvoicesTests.testStatusButton(InvoicesTests.java:70)
at sun.reflect.NativeMethodAccessorImpl.invoke0(Native Method)
at sun.reflect.NativeMethodAccessorImpl.invoke(Unknown Source)
at sun.reflect.DelegatingMethodAccessorImpl.invoke(Unknown Source)
at java.lang.reflect.Method.invoke(Unknown Source)
at org.testng.internal.MethodInvocationHelper.invokeMethod(MethodInvocationHelper.java:124)
at org.testng.internal.Invoker.invokeMethod(Invoker.java:580)
at org.testng.internal.Invoker.invokeTestMethod(Invoker.java:716)
at org.testng.internal.Invoker.invokeTestMethods(Invoker.java:988)
at org.testng.internal.TestMethodWorker.invokeTestMethods(TestMethodWorker.java:125)
at org.testng.internal.TestMethodWorker.run(TestMethodWorker.java:109)
at org.testng.TestRunner.privateRun(TestRunner.java:648)
at org.testng.TestRunner.run(TestRunner.java:505)
at org.testng.SuiteRunner.runTest(SuiteRunner.java:455)
at org.testng.SuiteRunner.runSequentially(SuiteRunner.java:450)
at org.testng.SuiteRunner.privateRun(SuiteRunner.java:415)
at org.testng.SuiteRunner.run(SuiteRunner.java:364)
at org.testng.SuiteRunnerWorker.runSuite(SuiteRunnerWorker.java:52)
at org.testng.SuiteRunnerWorker.run(SuiteRunnerWorker.java:84)
at org.testng.TestNG.runSuitesSequentially(TestNG.java:1208)
at org.testng.TestNG.runSuitesLocally(TestNG.java:1137)
at org.testng.TestNG.runSuites(TestNG.java:1049)
at org.testng.TestNG.run(TestNG.java:1017)
at org.testng.remote.AbstractRemoteTestNG.run(AbstractRemoteTestNG.java:114)
at org.testng.remote.RemoteTestNG.initAndRun(RemoteTestNG.java:251)
at org.testng.remote.RemoteTestNG.main(RemoteTestNG.java:77)
]]>
            </full-stacktrace>
          </exception> <!-- org.openqa.selenium.ElementNotVisibleException -->
          <reporter-output>
          </reporter-output>
        </test-method> <!-- testStatusButton -->
        <test-method status="PASS" signature="testPreview()[pri:22, instance:Tests.InvoicesTests@bd1b6a]" name="testPreview" duration-ms="1340" started-at="2018-08-07T20:21:08Z" finished-at="2018-08-07T20:21:09Z">
          <reporter-output>
          </reporter-output>
        </test-method> <!-- testPreview -->
        <test-method status="PASS" signature="testDelete()[pri:23, instance:Tests.InvoicesTests@bd1b6a]" name="testDelete" duration-ms="2644" started-at="2018-08-07T20:21:09Z" finished-at="2018-08-07T20:21:12Z">
          <reporter-output>
          </reporter-output>
        </test-method> <!-- testDelete -->
      </class> <!-- Tests.InvoicesTests -->
      <class name="Tests.LogInTest">
        <test-method status="PASS" signature="setUp()[pri:0, instance:Tests.LogInTest@1f3ddb1]" name="setUp" is-config="true" duration-ms="11296" started-at="2018-08-07T20:19:30Z" finished-at="2018-08-07T20:19:42Z">
          <reporter-output>
          </reporter-output>
        </test-method> <!-- setUp -->
        <test-method status="PASS" signature="setBeforeTests()[pri:0, instance:Tests.LogInTest@1f3ddb1]" name="setBeforeTests" is-config="true" duration-ms="4509" started-at="2018-08-07T20:19:42Z" finished-at="2018-08-07T20:19:46Z">
          <reporter-output>
          </reporter-output>
        </test-method> <!-- setBeforeTests -->
        <test-method status="PASS" signature="testVerifyLoginPage()[pri:0, instance:Tests.LogInTest@1f3ddb1]" name="testVerifyLoginPage" duration-ms="353" started-at="2018-08-07T20:19:46Z" finished-at="2018-08-07T20:19:46Z">
          <reporter-output>
          </reporter-output>
        </test-method> <!-- testVerifyLoginPage -->
        <test-method status="PASS" signature="setBeforeTests()[pri:0, instance:Tests.LogInTest@1f3ddb1]" name="setBeforeTests" is-config="true" duration-ms="957" started-at="2018-08-07T20:19:46Z" finished-at="2018-08-07T20:19:47Z">
          <reporter-output>
          </reporter-output>
        </test-method> <!-- setBeforeTests -->
        <test-method status="PASS" signature="testEmpty()[pri:1, instance:Tests.LogInTest@1f3ddb1]" name="testEmpty" duration-ms="1495" started-at="2018-08-07T20:19:47Z" finished-at="2018-08-07T20:19:49Z">
          <reporter-output>
          </reporter-output>
        </test-method> <!-- testEmpty -->
        <test-method status="PASS" signature="setBeforeTests()[pri:0, instance:Tests.LogInTest@1f3ddb1]" name="setBeforeTests" is-config="true" duration-ms="929" started-at="2018-08-07T20:19:49Z" finished-at="2018-08-07T20:19:50Z">
          <reporter-output>
          </reporter-output>
        </test-method> <!-- setBeforeTests -->
        <test-method status="PASS" signature="testIncorrectEmailIncorrectPassword()[pri:2, instance:Tests.LogInTest@1f3ddb1]" name="testIncorrectEmailIncorrectPassword" duration-ms="3634" started-at="2018-08-07T20:19:50Z" finished-at="2018-08-07T20:19:54Z">
          <reporter-output>
          </reporter-output>
        </test-method> <!-- testIncorrectEmailIncorrectPassword -->
        <test-method status="PASS" signature="setBeforeTests()[pri:0, instance:Tests.LogInTest@1f3ddb1]" name="setBeforeTests" is-config="true" duration-ms="1104" started-at="2018-08-07T20:19:54Z" finished-at="2018-08-07T20:19:55Z">
          <reporter-output>
          </reporter-output>
        </test-method> <!-- setBeforeTests -->
        <test-method status="PASS" signature="testCorrectEmailIncorrectPassword()[pri:3, instance:Tests.LogInTest@1f3ddb1]" name="testCorrectEmailIncorrectPassword" duration-ms="2413" started-at="2018-08-07T20:19:55Z" finished-at="2018-08-07T20:19:57Z">
          <reporter-output>
          </reporter-output>
        </test-method> <!-- testCorrectEmailIncorrectPassword -->
        <test-method status="PASS" signature="setBeforeTests()[pri:0, instance:Tests.LogInTest@1f3ddb1]" name="setBeforeTests" is-config="true" duration-ms="1073" started-at="2018-08-07T20:19:57Z" finished-at="2018-08-07T20:19:58Z">
          <reporter-output>
          </reporter-output>
        </test-method> <!-- setBeforeTests -->
        <test-method status="PASS" signature="testIncorrectEmailEmptyPassword()[pri:4, instance:Tests.LogInTest@1f3ddb1]" name="testIncorrectEmailEmptyPassword" duration-ms="2405" started-at="2018-08-07T20:19:58Z" finished-at="2018-08-07T20:20:01Z">
          <reporter-output>
          </reporter-output>
        </test-method> <!-- testIncorrectEmailEmptyPassword -->
        <test-method status="PASS" signature="setBeforeTests()[pri:0, instance:Tests.LogInTest@1f3ddb1]" name="setBeforeTests" is-config="true" duration-ms="976" started-at="2018-08-07T20:20:01Z" finished-at="2018-08-07T20:20:02Z">
          <reporter-output>
          </reporter-output>
        </test-method> <!-- setBeforeTests -->
        <test-method status="PASS" signature="testEmptyEmailIncorrectPassword()[pri:5, instance:Tests.LogInTest@1f3ddb1]" name="testEmptyEmailIncorrectPassword" duration-ms="1869" started-at="2018-08-07T20:20:02Z" finished-at="2018-08-07T20:20:03Z">
          <reporter-output>
          </reporter-output>
        </test-method> <!-- testEmptyEmailIncorrectPassword -->
        <test-method status="PASS" signature="setBeforeTests()[pri:0, instance:Tests.LogInTest@1f3ddb1]" name="setBeforeTests" is-config="true" duration-ms="911" started-at="2018-08-07T20:20:03Z" finished-at="2018-08-07T20:20:04Z">
          <reporter-output>
          </reporter-output>
        </test-method> <!-- setBeforeTests -->
        <test-method status="PASS" signature="testEmptyEmailCorrectPassword()[pri:6, instance:Tests.LogInTest@1f3ddb1]" name="testEmptyEmailCorrectPassword" duration-ms="1810" started-at="2018-08-07T20:20:04Z" finished-at="2018-08-07T20:20:06Z">
          <reporter-output>
          </reporter-output>
        </test-method> <!-- testEmptyEmailCorrectPassword -->
        <test-method status="PASS" signature="setBeforeTests()[pri:0, instance:Tests.LogInTest@1f3ddb1]" name="setBeforeTests" is-config="true" duration-ms="996" started-at="2018-08-07T20:20:06Z" finished-at="2018-08-07T20:20:07Z">
          <reporter-output>
          </reporter-output>
        </test-method> <!-- setBeforeTests -->
        <test-method status="PASS" signature="testCorrectEmailEmptyPassword()[pri:7, instance:Tests.LogInTest@1f3ddb1]" name="testCorrectEmailEmptyPassword" duration-ms="2420" started-at="2018-08-07T20:20:07Z" finished-at="2018-08-07T20:20:10Z">
          <reporter-output>
          </reporter-output>
        </test-method> <!-- testCorrectEmailEmptyPassword -->
        <test-method status="PASS" signature="setBeforeTests()[pri:0, instance:Tests.LogInTest@1f3ddb1]" name="setBeforeTests" is-config="true" duration-ms="913" started-at="2018-08-07T20:20:10Z" finished-at="2018-08-07T20:20:10Z">
          <reporter-output>
          </reporter-output>
        </test-method> <!-- setBeforeTests -->
        <test-method status="PASS" signature="testInvalidEmailCorrectPassword()[pri:8, instance:Tests.LogInTest@1f3ddb1]" name="testInvalidEmailCorrectPassword" duration-ms="2224" started-at="2018-08-07T20:20:10Z" finished-at="2018-08-07T20:20:13Z">
          <reporter-output>
          </reporter-output>
        </test-method> <!-- testInvalidEmailCorrectPassword -->
        <test-method status="PASS" signature="setBeforeTests()[pri:0, instance:Tests.LogInTest@1f3ddb1]" name="setBeforeTests" is-config="true" duration-ms="1016" started-at="2018-08-07T20:20:13Z" finished-at="2018-08-07T20:20:14Z">
          <reporter-output>
          </reporter-output>
        </test-method> <!-- setBeforeTests -->
        <test-method status="PASS" signature="testEnterEmailWith2ETandIncorrectPassword()[pri:9, instance:Tests.LogInTest@1f3ddb1]" name="testEnterEmailWith2ETandIncorrectPassword" duration-ms="2254" started-at="2018-08-07T20:20:14Z" finished-at="2018-08-07T20:20:16Z">
          <reporter-output>
          </reporter-output>
        </test-method> <!-- testEnterEmailWith2ETandIncorrectPassword -->
        <test-method status="PASS" signature="setBeforeTests()[pri:0, instance:Tests.LogInTest@1f3ddb1]" name="setBeforeTests" is-config="true" duration-ms="966" started-at="2018-08-07T20:20:16Z" finished-at="2018-08-07T20:20:17Z">
          <reporter-output>
          </reporter-output>
        </test-method> <!-- setBeforeTests -->
        <test-method status="PASS" signature="testEnterEmailWith2ETandCorrectPassword()[pri:10, instance:Tests.LogInTest@1f3ddb1]" name="testEnterEmailWith2ETandCorrectPassword" duration-ms="2260" started-at="2018-08-07T20:20:17Z" finished-at="2018-08-07T20:20:19Z">
          <reporter-output>
          </reporter-output>
        </test-method> <!-- testEnterEmailWith2ETandCorrectPassword -->
        <test-method status="PASS" signature="setBeforeTests()[pri:0, instance:Tests.LogInTest@1f3ddb1]" name="setBeforeTests" is-config="true" duration-ms="927" started-at="2018-08-07T20:20:19Z" finished-at="2018-08-07T20:20:20Z">
          <reporter-output>
          </reporter-output>
        </test-method> <!-- setBeforeTests -->
        <test-method status="PASS" signature="testEnterCorrectEmailAndPasswordWith5Char()[pri:11, instance:Tests.LogInTest@1f3ddb1]" name="testEnterCorrectEmailAndPasswordWith5Char" duration-ms="2337" started-at="2018-08-07T20:20:20Z" finished-at="2018-08-07T20:20:22Z">
          <reporter-output>
          </reporter-output>
        </test-method> <!-- testEnterCorrectEmailAndPasswordWith5Char -->
        <test-method status="PASS" signature="setBeforeTests()[pri:0, instance:Tests.LogInTest@1f3ddb1]" name="setBeforeTests" is-config="true" duration-ms="1253" started-at="2018-08-07T20:20:22Z" finished-at="2018-08-07T20:20:24Z">
          <reporter-output>
          </reporter-output>
        </test-method> <!-- setBeforeTests -->
        <test-method status="PASS" signature="testEnterInvalidEmailAndPasswordWith5Char()[pri:12, instance:Tests.LogInTest@1f3ddb1]" name="testEnterInvalidEmailAndPasswordWith5Char" duration-ms="2516" started-at="2018-08-07T20:20:24Z" finished-at="2018-08-07T20:20:26Z">
          <reporter-output>
          </reporter-output>
        </test-method> <!-- testEnterInvalidEmailAndPasswordWith5Char -->
        <test-method status="PASS" signature="setBeforeTests()[pri:0, instance:Tests.LogInTest@1f3ddb1]" name="setBeforeTests" is-config="true" duration-ms="1099" started-at="2018-08-07T20:20:26Z" finished-at="2018-08-07T20:20:27Z">
          <reporter-output>
          </reporter-output>
        </test-method> <!-- setBeforeTests -->
        <test-method status="PASS" signature="testEnterInvalidEmailAndPasswordWith21Char()[pri:13, instance:Tests.LogInTest@1f3ddb1]" name="testEnterInvalidEmailAndPasswordWith21Char" duration-ms="3252" started-at="2018-08-07T20:20:27Z" finished-at="2018-08-07T20:20:31Z">
          <reporter-output>
          </reporter-output>
        </test-method> <!-- testEnterInvalidEmailAndPasswordWith21Char -->
        <test-method status="PASS" signature="setBeforeTests()[pri:0, instance:Tests.LogInTest@1f3ddb1]" name="setBeforeTests" is-config="true" duration-ms="999" started-at="2018-08-07T20:20:31Z" finished-at="2018-08-07T20:20:32Z">
          <reporter-output>
          </reporter-output>
        </test-method> <!-- setBeforeTests -->
        <test-method status="PASS" signature="testEnterCorrectEmailAndPasswordWith21Char()[pri:14, instance:Tests.LogInTest@1f3ddb1]" name="testEnterCorrectEmailAndPasswordWith21Char" duration-ms="3423" started-at="2018-08-07T20:20:32Z" finished-at="2018-08-07T20:20:35Z">
          <reporter-output>
          </reporter-output>
        </test-method> <!-- testEnterCorrectEmailAndPasswordWith21Char -->
        <test-method status="PASS" signature="setBeforeTests()[pri:0, instance:Tests.LogInTest@1f3ddb1]" name="setBeforeTests" is-config="true" duration-ms="1108" started-at="2018-08-07T20:20:35Z" finished-at="2018-08-07T20:20:36Z">
          <reporter-output>
          </reporter-output>
        </test-method> <!-- setBeforeTests -->
        <test-method status="PASS" signature="testEnterCorrectEmailAndCorrectPassword()[pri:15, instance:Tests.LogInTest@1f3ddb1]" name="testEnterCorrectEmailAndCorrectPassword" duration-ms="2956" started-at="2018-08-07T20:20:36Z" finished-at="2018-08-07T20:20:39Z">
          <reporter-output>
          </reporter-output>
        </test-method> <!-- testEnterCorrectEmailAndCorrectPassword -->
        <test-method status="PASS" signature="tearDown()[pri:0, instance:Tests.LogInTest@1f3ddb1]" name="tearDown" is-config="true" duration-ms="222" started-at="2018-08-07T20:21:30Z" finished-at="2018-08-07T20:21:30Z">
          <reporter-output>
          </reporter-output>
        </test-method> <!-- tearDown -->
      </class> <!-- Tests.LogInTest -->
    </test> <!-- Testing -->
  </suite> <!-- TestSuite -->
</testng-results>
