<html>
<head>
<title>TestNG:  Testing</title>
<link href="../testng.css" rel="stylesheet" type="text/css" />
<link href="../my-testng.css" rel="stylesheet" type="text/css" />

<style type="text/css">
.log { display: none;} 
.stack-trace { display: none;} 
</style>
<script type="text/javascript">
<!--
function flip(e) {
  current = e.style.display;
  if (current == 'block') {
    e.style.display = 'none';
    return 0;
  }
  else {
    e.style.display = 'block';
    return 1;
  }
}

function toggleBox(szDivId, elem, msg1, msg2)
{
  var res = -1;  if (document.getElementById) {
    res = flip(document.getElementById(szDivId));
  }
  else if (document.all) {
    // this is the way old msie versions work
    res = flip(document.all[szDivId]);
  }
  if(elem) {
    if(res == 0) elem.innerHTML = msg1; else elem.innerHTML = msg2;
  }

}

function toggleAllBoxes() {
  if (document.getElementsByTagName) {
    d = document.getElementsByTagName('div');
    for (i = 0; i < d.length; i++) {
      if (d[i].className == 'log') {
        flip(d[i]);
      }
    }
  }
}

// -->
</script>

</head>
<body>
<h2 align='center'>Testing</h2><table border='1' align="center">
<tr>
<td>Tests passed/Failed/Skipped:</td><td>25/2/0</td>
</tr><tr>
<td>Started on:</td><td>Tue Aug 07 22:19:42 CEST 2018</td>
</tr>
<tr><td>Total time:</td><td>107 seconds (107789 ms)</td>
</tr><tr>
<td>Included groups:</td><td></td>
</tr><tr>
<td>Excluded groups:</td><td></td>
</tr>
</table><p/>
<small><i>(Hover the method name to see the test class name)</i></small><p/>
<table width='100%' border='1' class='invocation-failed'>
<tr><td colspan='4' align='center'><b>FAILED TESTS</b></td></tr>
<tr><td><b>Test method</b></td>
<td width="30%"><b>Exception</b></td>
<td width="10%"><b>Time (seconds)</b></td>
<td><b>Instance</b></td>
</tr>
<tr>
<td title='Tests.InvoicesTests.testSelectClient()'><b>testSelectClient</b><br>Test class: Tests.InvoicesTests</td>
<td><div><pre>org.openqa.selenium.NoSuchElementException: no such element: Unable to locate element: {&quot;method&quot;:&quot;xpath&quot;,&quot;selector&quot;:&quot;//*[@id=&quot;app&quot;]/div[22]/main/div/div/div[1]/div/div[2]/div/div/div[1]/div/div/div[1]/div/div/div/label&quot;}
  (Session info: chrome=67.0.3396.99)
  (Driver info: chromedriver=2.40.565498 (ea082db3280dd6843ebfb08a625e3eb905c4f5ab),platform=Windows NT 10.0.17134 x86) (WARNING: The server did not provide any stacktrace information)
Command duration or timeout: 0 milliseconds
For documentation on this error, please visit: http://seleniumhq.org/exceptions/no_such_element.html
Build info: version: &apos;3.13.0&apos;, revision: &apos;2f0d292&apos;, time: &apos;2018-06-25T15:32:14.902Z&apos;
System info: host: &apos;BOJANA&apos;, ip: &apos;192.168.1.104&apos;, os.name: &apos;Windows 10&apos;, os.arch: &apos;x86&apos;, os.version: &apos;10.0&apos;, java.version: &apos;1.8.0_172&apos;
Driver info: org.openqa.selenium.chrome.ChromeDriver
Capabilities {acceptInsecureCerts: false, acceptSslCerts: false, applicationCacheEnabled: false, browserConnectionEnabled: false, browserName: chrome, chrome: {chromedriverVersion: 2.40.565498 (ea082db3280dd6..., userDataDir: C:\Users\Bojana\AppData\Loc...}, cssSelectorsEnabled: true, databaseEnabled: false, handlesAlerts: true, hasTouchScreen: false, javascriptEnabled: true, locationContextEnabled: true, mobileEmulationEnabled: false, nativeEvents: true, networkConnectionEnabled: false, pageLoadStrategy: normal, platform: XP, platformName: XP, rotatable: false, setWindowRect: true, takesHeapSnapshot: true, takesScreenshot: true, unexpectedAlertBehaviour: , unhandledPromptBehavior: , version: 67.0.3396.99, webStorageEnabled: true}
Session ID: 1e8bfe8796e85ad941337f843a3a38d6
*** Element info: {Using=xpath, value=//*[@id=&quot;app&quot;]/div[22]/main/div/div/div[1]/div/div[2]/div/div/div[1]/div/div/div[1]/div/div/div/label}
	at org.openqa.selenium.remote.ErrorHandler.createThrowable(ErrorHandler.java:214)
	at org.openqa.selenium.remote.ErrorHandler.throwIfResponseFailed(ErrorHandler.java:166)
	at org.openqa.selenium.remote.http.JsonHttpResponseCodec.reconstructValue(JsonHttpResponseCodec.java:40)
	at org.openqa.selenium.remote.http.AbstractHttpResponseCodec.decode(AbstractHttpResponseCodec.java:80)
	at org.openqa.selenium.remote.http.AbstractHttpResponseCodec.decode(AbstractHttpResponseCodec.java:44)
	at org.openqa.selenium.remote.HttpCommandExecutor.execute(HttpCommandExecutor.java:158)
	at org.openqa.selenium.remote.service.DriverCommandExecutor.execute(DriverCommandExecutor.java:83)
	at org.openqa.selenium.remote.RemoteWebDriver.execute(RemoteWebDriver.java:548)
	at org.openqa.selenium.remote.RemoteWebDriver.findElement(RemoteWebDriver.java:322)
	at org.openqa.selenium.remote.RemoteWebDriver.findElementByXPath(RemoteWebDriver.java:424)
	at org.openqa.selenium.By$ByXPath.findElement(By.java:353)
	at org.openqa.selenium.remote.RemoteWebDriver.findElement(RemoteWebDriver.java:314)
	at org.openqa.selenium.support.pagefactory.DefaultElementLocator.findElement(DefaultElementLocator.java:69)
	at org.openqa.selenium.support.pagefactory.internal.LocatingElementHandler.invoke(LocatingElementHandler.java:38)
	at com.sun.proxy.$Proxy11.click(Unknown Source)
	at Pages.Invoices.selectClient(Invoices.java:86)
	at Tests.InvoicesTests.testSelectClient(InvoicesTests.java:35)
... Removed 29 stack frames</pre></div><a href='#' onClick='toggleBox("stack-trace16558823", this, "Click to show all stack frames", "Click to hide stack frames")'>Click to show all stack frames</a>
<div class='stack-trace' id='stack-trace16558823'><pre>org.openqa.selenium.NoSuchElementException: no such element: Unable to locate element: {&quot;method&quot;:&quot;xpath&quot;,&quot;selector&quot;:&quot;//*[@id=&quot;app&quot;]/div[22]/main/div/div/div[1]/div/div[2]/div/div/div[1]/div/div/div[1]/div/div/div/label&quot;}
  (Session info: chrome=67.0.3396.99)
  (Driver info: chromedriver=2.40.565498 (ea082db3280dd6843ebfb08a625e3eb905c4f5ab),platform=Windows NT 10.0.17134 x86) (WARNING: The server did not provide any stacktrace information)
Command duration or timeout: 0 milliseconds
For documentation on this error, please visit: http://seleniumhq.org/exceptions/no_such_element.html
Build info: version: &apos;3.13.0&apos;, revision: &apos;2f0d292&apos;, time: &apos;2018-06-25T15:32:14.902Z&apos;
System info: host: &apos;BOJANA&apos;, ip: &apos;192.168.1.104&apos;, os.name: &apos;Windows 10&apos;, os.arch: &apos;x86&apos;, os.version: &apos;10.0&apos;, java.version: &apos;1.8.0_172&apos;
Driver info: org.openqa.selenium.chrome.ChromeDriver
Capabilities {acceptInsecureCerts: false, acceptSslCerts: false, applicationCacheEnabled: false, browserConnectionEnabled: false, browserName: chrome, chrome: {chromedriverVersion: 2.40.565498 (ea082db3280dd6..., userDataDir: C:\Users\Bojana\AppData\Loc...}, cssSelectorsEnabled: true, databaseEnabled: false, handlesAlerts: true, hasTouchScreen: false, javascriptEnabled: true, locationContextEnabled: true, mobileEmulationEnabled: false, nativeEvents: true, networkConnectionEnabled: false, pageLoadStrategy: normal, platform: XP, platformName: XP, rotatable: false, setWindowRect: true, takesHeapSnapshot: true, takesScreenshot: true, unexpectedAlertBehaviour: , unhandledPromptBehavior: , version: 67.0.3396.99, webStorageEnabled: true}
Session ID: 1e8bfe8796e85ad941337f843a3a38d6
*** Element info: {Using=xpath, value=//*[@id=&quot;app&quot;]/div[22]/main/div/div/div[1]/div/div[2]/div/div/div[1]/div/div/div[1]/div/div/div/label}
	at sun.reflect.NativeConstructorAccessorImpl.newInstance0(Native Method)
	at sun.reflect.NativeConstructorAccessorImpl.newInstance(Unknown Source)
	at sun.reflect.DelegatingConstructorAccessorImpl.newInstance(Unknown Source)
	at java.lang.reflect.Constructor.newInstance(Unknown Source)
	at org.openqa.selenium.remote.ErrorHandler.createThrowable(ErrorHandler.java:214)
	at org.openqa.selenium.remote.ErrorHandler.throwIfResponseFailed(ErrorHandler.java:166)
	at org.openqa.selenium.remote.http.JsonHttpResponseCodec.reconstructValue(JsonHttpResponseCodec.java:40)
	at org.openqa.selenium.remote.http.AbstractHttpResponseCodec.decode(AbstractHttpResponseCodec.java:80)
	at org.openqa.selenium.remote.http.AbstractHttpResponseCodec.decode(AbstractHttpResponseCodec.java:44)
	at org.openqa.selenium.remote.HttpCommandExecutor.execute(HttpCommandExecutor.java:158)
	at org.openqa.selenium.remote.service.DriverCommandExecutor.execute(DriverCommandExecutor.java:83)
	at org.openqa.selenium.remote.RemoteWebDriver.execute(RemoteWebDriver.java:548)
	at org.openqa.selenium.remote.RemoteWebDriver.findElement(RemoteWebDriver.java:322)
	at org.openqa.selenium.remote.RemoteWebDriver.findElementByXPath(RemoteWebDriver.java:424)
	at org.openqa.selenium.By$ByXPath.findElement(By.java:353)
	at org.openqa.selenium.remote.RemoteWebDriver.findElement(RemoteWebDriver.java:314)
	at org.openqa.selenium.support.pagefactory.DefaultElementLocator.findElement(DefaultElementLocator.java:69)
	at org.openqa.selenium.support.pagefactory.internal.LocatingElementHandler.invoke(LocatingElementHandler.java:38)
	at com.sun.proxy.$Proxy11.click(Unknown Source)
	at Pages.Invoices.selectClient(Invoices.java:86)
	at Tests.InvoicesTests.testSelectClient(InvoicesTests.java:35)
	at sun.reflect.NativeMethodAccessorImpl.invoke0(Native Method)
	at sun.reflect.NativeMethodAccessorImpl.invoke(Unknown Source)
	at sun.reflect.DelegatingMethodAccessorImpl.invoke(Unknown Source)
	at java.lang.reflect.Method.invoke(Unknown Source)
	at org.testng.internal.MethodInvocationHelper.invokeMethod(MethodInvocationHelper.java:124)
	at org.testng.internal.Invoker.invokeMethod(Invoker.java:580)
	at org.testng.internal.Invoker.invokeTestMethod(Invoker.java:716)
	at org.testng.internal.Invoker.invokeTestMethods(Invoker.java:988)
	at org.testng.internal.TestMethodWorker.invokeTestMethods(TestMethodWorker.java:125)
	at org.testng.internal.TestMethodWorker.run(TestMethodWorker.java:109)
	at org.testng.TestRunner.privateRun(TestRunner.java:648)
	at org.testng.TestRunner.run(TestRunner.java:505)
	at org.testng.SuiteRunner.runTest(SuiteRunner.java:455)
	at org.testng.SuiteRunner.runSequentially(SuiteRunner.java:450)
	at org.testng.SuiteRunner.privateRun(SuiteRunner.java:415)
	at org.testng.SuiteRunner.run(SuiteRunner.java:364)
	at org.testng.SuiteRunnerWorker.runSuite(SuiteRunnerWorker.java:52)
	at org.testng.SuiteRunnerWorker.run(SuiteRunnerWorker.java:84)
	at org.testng.TestNG.runSuitesSequentially(TestNG.java:1208)
	at org.testng.TestNG.runSuitesLocally(TestNG.java:1137)
	at org.testng.TestNG.runSuites(TestNG.java:1049)
	at org.testng.TestNG.run(TestNG.java:1017)
	at org.testng.remote.AbstractRemoteTestNG.run(AbstractRemoteTestNG.java:114)
	at org.testng.remote.RemoteTestNG.initAndRun(RemoteTestNG.java:251)
	at org.testng.remote.RemoteTestNG.main(RemoteTestNG.java:77)
</pre></div></td>
<td>12</td>
<td>Tests.InvoicesTests@bd1b6a</td></tr>
<tr>
<td title='Tests.InvoicesTests.testStatusButton()'><b>testStatusButton</b><br>Test class: Tests.InvoicesTests</td>
<td><div><pre>org.openqa.selenium.ElementNotVisibleException: element not visible
  (Session info: chrome=67.0.3396.99)
  (Driver info: chromedriver=2.40.565498 (ea082db3280dd6843ebfb08a625e3eb905c4f5ab),platform=Windows NT 10.0.17134 x86) (WARNING: The server did not provide any stacktrace information)
Command duration or timeout: 0 milliseconds
Build info: version: &apos;3.13.0&apos;, revision: &apos;2f0d292&apos;, time: &apos;2018-06-25T15:32:14.902Z&apos;
System info: host: &apos;BOJANA&apos;, ip: &apos;192.168.1.104&apos;, os.name: &apos;Windows 10&apos;, os.arch: &apos;x86&apos;, os.version: &apos;10.0&apos;, java.version: &apos;1.8.0_172&apos;
Driver info: org.openqa.selenium.chrome.ChromeDriver
Capabilities {acceptInsecureCerts: false, acceptSslCerts: false, applicationCacheEnabled: false, browserConnectionEnabled: false, browserName: chrome, chrome: {chromedriverVersion: 2.40.565498 (ea082db3280dd6..., userDataDir: C:\Users\Bojana\AppData\Loc...}, cssSelectorsEnabled: true, databaseEnabled: false, handlesAlerts: true, hasTouchScreen: false, javascriptEnabled: true, locationContextEnabled: true, mobileEmulationEnabled: false, nativeEvents: true, networkConnectionEnabled: false, pageLoadStrategy: normal, platform: XP, platformName: XP, rotatable: false, setWindowRect: true, takesHeapSnapshot: true, takesScreenshot: true, unexpectedAlertBehaviour: , unhandledPromptBehavior: , version: 67.0.3396.99, webStorageEnabled: true}
Session ID: 1e8bfe8796e85ad941337f843a3a38d6
	at org.openqa.selenium.remote.ErrorHandler.createThrowable(ErrorHandler.java:214)
	at org.openqa.selenium.remote.ErrorHandler.throwIfResponseFailed(ErrorHandler.java:166)
	at org.openqa.selenium.remote.http.JsonHttpResponseCodec.reconstructValue(JsonHttpResponseCodec.java:40)
	at org.openqa.selenium.remote.http.AbstractHttpResponseCodec.decode(AbstractHttpResponseCodec.java:80)
	at org.openqa.selenium.remote.http.AbstractHttpResponseCodec.decode(AbstractHttpResponseCodec.java:44)
	at org.openqa.selenium.remote.HttpCommandExecutor.execute(HttpCommandExecutor.java:158)
	at org.openqa.selenium.remote.service.DriverCommandExecutor.execute(DriverCommandExecutor.java:83)
	at org.openqa.selenium.remote.RemoteWebDriver.execute(RemoteWebDriver.java:548)
	at org.openqa.selenium.remote.RemoteWebElement.execute(RemoteWebElement.java:276)
	at org.openqa.selenium.remote.RemoteWebElement.click(RemoteWebElement.java:83)
	at org.openqa.selenium.support.pagefactory.internal.LocatingElementHandler.invoke(LocatingElementHandler.java:51)
	at com.sun.proxy.$Proxy11.click(Unknown Source)
	at Pages.Invoices.statusButton(Invoices.java:164)
	at Tests.InvoicesTests.testStatusButton(InvoicesTests.java:70)
... Removed 32 stack frames</pre></div><a href='#' onClick='toggleBox("stack-trace29730136", this, "Click to show all stack frames", "Click to hide stack frames")'>Click to show all stack frames</a>
<div class='stack-trace' id='stack-trace29730136'><pre>org.openqa.selenium.ElementNotVisibleException: element not visible
  (Session info: chrome=67.0.3396.99)
  (Driver info: chromedriver=2.40.565498 (ea082db3280dd6843ebfb08a625e3eb905c4f5ab),platform=Windows NT 10.0.17134 x86) (WARNING: The server did not provide any stacktrace information)
Command duration or timeout: 0 milliseconds
Build info: version: &apos;3.13.0&apos;, revision: &apos;2f0d292&apos;, time: &apos;2018-06-25T15:32:14.902Z&apos;
System info: host: &apos;BOJANA&apos;, ip: &apos;192.168.1.104&apos;, os.name: &apos;Windows 10&apos;, os.arch: &apos;x86&apos;, os.version: &apos;10.0&apos;, java.version: &apos;1.8.0_172&apos;
Driver info: org.openqa.selenium.chrome.ChromeDriver
Capabilities {acceptInsecureCerts: false, acceptSslCerts: false, applicationCacheEnabled: false, browserConnectionEnabled: false, browserName: chrome, chrome: {chromedriverVersion: 2.40.565498 (ea082db3280dd6..., userDataDir: C:\Users\Bojana\AppData\Loc...}, cssSelectorsEnabled: true, databaseEnabled: false, handlesAlerts: true, hasTouchScreen: false, javascriptEnabled: true, locationContextEnabled: true, mobileEmulationEnabled: false, nativeEvents: true, networkConnectionEnabled: false, pageLoadStrategy: normal, platform: XP, platformName: XP, rotatable: false, setWindowRect: true, takesHeapSnapshot: true, takesScreenshot: true, unexpectedAlertBehaviour: , unhandledPromptBehavior: , version: 67.0.3396.99, webStorageEnabled: true}
Session ID: 1e8bfe8796e85ad941337f843a3a38d6
	at sun.reflect.NativeConstructorAccessorImpl.newInstance0(Native Method)
	at sun.reflect.NativeConstructorAccessorImpl.newInstance(Unknown Source)
	at sun.reflect.DelegatingConstructorAccessorImpl.newInstance(Unknown Source)
	at java.lang.reflect.Constructor.newInstance(Unknown Source)
	at org.openqa.selenium.remote.ErrorHandler.createThrowable(ErrorHandler.java:214)
	at org.openqa.selenium.remote.ErrorHandler.throwIfResponseFailed(ErrorHandler.java:166)
	at org.openqa.selenium.remote.http.JsonHttpResponseCodec.reconstructValue(JsonHttpResponseCodec.java:40)
	at org.openqa.selenium.remote.http.AbstractHttpResponseCodec.decode(AbstractHttpResponseCodec.java:80)
	at org.openqa.selenium.remote.http.AbstractHttpResponseCodec.decode(AbstractHttpResponseCodec.java:44)
	at org.openqa.selenium.remote.HttpCommandExecutor.execute(HttpCommandExecutor.java:158)
	at org.openqa.selenium.remote.service.DriverCommandExecutor.execute(DriverCommandExecutor.java:83)
	at org.openqa.selenium.remote.RemoteWebDriver.execute(RemoteWebDriver.java:548)
	at org.openqa.selenium.remote.RemoteWebElement.execute(RemoteWebElement.java:276)
	at org.openqa.selenium.remote.RemoteWebElement.click(RemoteWebElement.java:83)
	at sun.reflect.GeneratedMethodAccessor5.invoke(Unknown Source)
	at sun.reflect.DelegatingMethodAccessorImpl.invoke(Unknown Source)
	at java.lang.reflect.Method.invoke(Unknown Source)
	at org.openqa.selenium.support.pagefactory.internal.LocatingElementHandler.invoke(LocatingElementHandler.java:51)
	at com.sun.proxy.$Proxy11.click(Unknown Source)
	at Pages.Invoices.statusButton(Invoices.java:164)
	at Tests.InvoicesTests.testStatusButton(InvoicesTests.java:70)
	at sun.reflect.NativeMethodAccessorImpl.invoke0(Native Method)
	at sun.reflect.NativeMethodAccessorImpl.invoke(Unknown Source)
	at sun.reflect.DelegatingMethodAccessorImpl.invoke(Unknown Source)
	at java.lang.reflect.Method.invoke(Unknown Source)
	at org.testng.internal.MethodInvocationHelper.invokeMethod(MethodInvocationHelper.java:124)
	at org.testng.internal.Invoker.invokeMethod(Invoker.java:580)
	at org.testng.internal.Invoker.invokeTestMethod(Invoker.java:716)
	at org.testng.internal.Invoker.invokeTestMethods(Invoker.java:988)
	at org.testng.internal.TestMethodWorker.invokeTestMethods(TestMethodWorker.java:125)
	at org.testng.internal.TestMethodWorker.run(TestMethodWorker.java:109)
	at org.testng.TestRunner.privateRun(TestRunner.java:648)
	at org.testng.TestRunner.run(TestRunner.java:505)
	at org.testng.SuiteRunner.runTest(SuiteRunner.java:455)
	at org.testng.SuiteRunner.runSequentially(SuiteRunner.java:450)
	at org.testng.SuiteRunner.privateRun(SuiteRunner.java:415)
	at org.testng.SuiteRunner.run(SuiteRunner.java:364)
	at org.testng.SuiteRunnerWorker.runSuite(SuiteRunnerWorker.java:52)
	at org.testng.SuiteRunnerWorker.run(SuiteRunnerWorker.java:84)
	at org.testng.TestNG.runSuitesSequentially(TestNG.java:1208)
	at org.testng.TestNG.runSuitesLocally(TestNG.java:1137)
	at org.testng.TestNG.runSuites(TestNG.java:1049)
	at org.testng.TestNG.run(TestNG.java:1017)
	at org.testng.remote.AbstractRemoteTestNG.run(AbstractRemoteTestNG.java:114)
	at org.testng.remote.RemoteTestNG.initAndRun(RemoteTestNG.java:251)
	at org.testng.remote.RemoteTestNG.main(RemoteTestNG.java:77)
</pre></div></td>
<td>2</td>
<td>Tests.InvoicesTests@bd1b6a</td></tr>
</table><p>
<table width='100%' border='1' class='invocation-passed'>
<tr><td colspan='4' align='center'><b>PASSED TESTS</b></td></tr>
<tr><td><b>Test method</b></td>
<td width="30%"><b>Exception</b></td>
<td width="10%"><b>Time (seconds)</b></td>
<td><b>Instance</b></td>
</tr>
<tr>
<td title='Tests.AddNewInvoiceTest.testAddNewEmptySave()'><b>testAddNewEmptySave</b><br>Test class: Tests.AddNewInvoiceTest</td>
<td></td>
<td>2</td>
<td>Tests.AddNewInvoiceTest@be83e4</td></tr>
<tr>
<td title='Tests.AddNewInvoiceTest.testAddNewInvoiceAll()'><b>testAddNewInvoiceAll</b><br>Test class: Tests.AddNewInvoiceTest</td>
<td></td>
<td>10</td>
<td>Tests.AddNewInvoiceTest@be83e4</td></tr>
<tr>
<td title='Tests.AddNewInvoiceTest.testCancel()'><b>testCancel</b><br>Test class: Tests.AddNewInvoiceTest</td>
<td></td>
<td>2</td>
<td>Tests.AddNewInvoiceTest@be83e4</td></tr>
<tr>
<td title='Tests.LogInTest.testCorrectEmailEmptyPassword()'><b>testCorrectEmailEmptyPassword</b><br>Test class: Tests.LogInTest</td>
<td></td>
<td>2</td>
<td>Tests.LogInTest@1f3ddb1</td></tr>
<tr>
<td title='Tests.LogInTest.testCorrectEmailIncorrectPassword()'><b>testCorrectEmailIncorrectPassword</b><br>Test class: Tests.LogInTest</td>
<td></td>
<td>2</td>
<td>Tests.LogInTest@1f3ddb1</td></tr>
<tr>
<td title='Tests.InvoicesTests.testDateFrom()'><b>testDateFrom</b><br>Test class: Tests.InvoicesTests</td>
<td></td>
<td>4</td>
<td>Tests.InvoicesTests@bd1b6a</td></tr>
<tr>
<td title='Tests.InvoicesTests.testDateTo()'><b>testDateTo</b><br>Test class: Tests.InvoicesTests</td>
<td></td>
<td>4</td>
<td>Tests.InvoicesTests@bd1b6a</td></tr>
<tr>
<td title='Tests.InvoicesTests.testDelete()'><b>testDelete</b><br>Test class: Tests.InvoicesTests</td>
<td></td>
<td>2</td>
<td>Tests.InvoicesTests@bd1b6a</td></tr>
<tr>
<td title='Tests.LogInTest.testEmpty()'><b>testEmpty</b><br>Test class: Tests.LogInTest</td>
<td></td>
<td>1</td>
<td>Tests.LogInTest@1f3ddb1</td></tr>
<tr>
<td title='Tests.LogInTest.testEmptyEmailCorrectPassword()'><b>testEmptyEmailCorrectPassword</b><br>Test class: Tests.LogInTest</td>
<td></td>
<td>1</td>
<td>Tests.LogInTest@1f3ddb1</td></tr>
<tr>
<td title='Tests.LogInTest.testEmptyEmailIncorrectPassword()'><b>testEmptyEmailIncorrectPassword</b><br>Test class: Tests.LogInTest</td>
<td></td>
<td>1</td>
<td>Tests.LogInTest@1f3ddb1</td></tr>
<tr>
<td title='Tests.LogInTest.testEnterCorrectEmailAndCorrectPassword()'><b>testEnterCorrectEmailAndCorrectPassword</b><br>Test class: Tests.LogInTest</td>
<td></td>
<td>2</td>
<td>Tests.LogInTest@1f3ddb1</td></tr>
<tr>
<td title='Tests.LogInTest.testEnterCorrectEmailAndPasswordWith21Char()'><b>testEnterCorrectEmailAndPasswordWith21Char</b><br>Test class: Tests.LogInTest</td>
<td></td>
<td>3</td>
<td>Tests.LogInTest@1f3ddb1</td></tr>
<tr>
<td title='Tests.LogInTest.testEnterCorrectEmailAndPasswordWith5Char()'><b>testEnterCorrectEmailAndPasswordWith5Char</b><br>Test class: Tests.LogInTest</td>
<td></td>
<td>2</td>
<td>Tests.LogInTest@1f3ddb1</td></tr>
<tr>
<td title='Tests.LogInTest.testEnterEmailWith2ETandCorrectPassword()'><b>testEnterEmailWith2ETandCorrectPassword</b><br>Test class: Tests.LogInTest</td>
<td></td>
<td>2</td>
<td>Tests.LogInTest@1f3ddb1</td></tr>
<tr>
<td title='Tests.LogInTest.testEnterEmailWith2ETandIncorrectPassword()'><b>testEnterEmailWith2ETandIncorrectPassword</b><br>Test class: Tests.LogInTest</td>
<td></td>
<td>2</td>
<td>Tests.LogInTest@1f3ddb1</td></tr>
<tr>
<td title='Tests.LogInTest.testEnterInvalidEmailAndPasswordWith21Char()'><b>testEnterInvalidEmailAndPasswordWith21Char</b><br>Test class: Tests.LogInTest</td>
<td></td>
<td>3</td>
<td>Tests.LogInTest@1f3ddb1</td></tr>
<tr>
<td title='Tests.LogInTest.testEnterInvalidEmailAndPasswordWith5Char()'><b>testEnterInvalidEmailAndPasswordWith5Char</b><br>Test class: Tests.LogInTest</td>
<td></td>
<td>2</td>
<td>Tests.LogInTest@1f3ddb1</td></tr>
<tr>
<td title='Tests.InvoicesTests.testFilterPeriod()'><b>testFilterPeriod</b><br>Test class: Tests.InvoicesTests</td>
<td></td>
<td>2</td>
<td>Tests.InvoicesTests@bd1b6a</td></tr>
<tr>
<td title='Tests.LogInTest.testIncorrectEmailEmptyPassword()'><b>testIncorrectEmailEmptyPassword</b><br>Test class: Tests.LogInTest</td>
<td></td>
<td>2</td>
<td>Tests.LogInTest@1f3ddb1</td></tr>
<tr>
<td title='Tests.LogInTest.testIncorrectEmailIncorrectPassword()'><b>testIncorrectEmailIncorrectPassword</b><br>Test class: Tests.LogInTest</td>
<td></td>
<td>3</td>
<td>Tests.LogInTest@1f3ddb1</td></tr>
<tr>
<td title='Tests.LogInTest.testInvalidEmailCorrectPassword()'><b>testInvalidEmailCorrectPassword</b><br>Test class: Tests.LogInTest</td>
<td></td>
<td>2</td>
<td>Tests.LogInTest@1f3ddb1</td></tr>
<tr>
<td title='Tests.InvoicesTests.testPreview()'><b>testPreview</b><br>Test class: Tests.InvoicesTests</td>
<td></td>
<td>1</td>
<td>Tests.InvoicesTests@bd1b6a</td></tr>
<tr>
<td title='Tests.InvoicesTests.testResetPeriod()'><b>testResetPeriod</b><br>Test class: Tests.InvoicesTests</td>
<td></td>
<td>0</td>
<td>Tests.InvoicesTests@bd1b6a</td></tr>
<tr>
<td title='Tests.LogInTest.testVerifyLoginPage()'><b>testVerifyLoginPage</b><br>Test class: Tests.LogInTest</td>
<td></td>
<td>0</td>
<td>Tests.LogInTest@1f3ddb1</td></tr>
</table><p>
</body>
</html>